c:\users\matt\dropbox\uni\year2\tgp\paracat_projectfiles\baseportraitproject\proj.win32\debug.win32\baseportraitproject.lib
c:\users\matt\dropbox\uni\year2\tgp\paracat_projectfiles\baseportraitproject\proj.win32\debug.win32\baseportraitproject.exp
c:\users\matt\dropbox\uni\year2\tgp\paracat_projectfiles\baseportraitproject\proj.win32\baseportraitproject.cab
c:\users\matt\dropbox\uni\year2\tgp\paracat_projectfiles\baseportraitproject\proj.win32\debug.win32\appdelegate.obj
c:\users\matt\dropbox\uni\year2\tgp\paracat_projectfiles\baseportraitproject\proj.win32\debug.win32\main.obj
c:\users\matt\dropbox\uni\year2\tgp\paracat_projectfiles\baseportraitproject\proj.win32\debug.win32\helloworldscene.obj
c:\users\matt\dropbox\uni\year2\tgp\paracat_projectfiles\baseportraitproject\proj.win32\debug.win32\gamemanager.obj
c:\users\matt\dropbox\uni\year2\tgp\paracat_projectfiles\baseportraitproject\proj.win32\debug.win32\vc120.pdb
c:\users\matt\dropbox\uni\year2\tgp\paracat_projectfiles\baseportraitproject\proj.win32\debug.win32\vc120.idb
c:\users\matt\dropbox\uni\year2\tgp\paracat_projectfiles\baseportraitproject\proj.win32\debug.win32\baseportraitproject.ilk
c:\users\matt\dropbox\uni\year2\tgp\paracat_projectfiles\baseportraitproject\proj.win32\debug.win32\baseportraitproject.exe
c:\users\matt\dropbox\uni\year2\tgp\paracat_projectfiles\baseportraitproject\proj.win32\debug.win32\baseportraitproject.pdb
c:\users\matt\dropbox\uni\year2\tgp\paracat_projectfiles\baseportraitproject\proj.win32\debug.win32\game.res
c:\users\matt\dropbox\uni\year2\tgp\paracat_projectfiles\baseportraitproject\proj.win32\debug.win32\baseport.76a39bb2.tlog\baseportraitproject.write.1u.tlog
c:\users\matt\dropbox\uni\year2\tgp\paracat_projectfiles\baseportraitproject\proj.win32\debug.win32\baseport.76a39bb2.tlog\cl.command.1.tlog
c:\users\matt\dropbox\uni\year2\tgp\paracat_projectfiles\baseportraitproject\proj.win32\debug.win32\baseport.76a39bb2.tlog\cl.read.1.tlog
c:\users\matt\dropbox\uni\year2\tgp\paracat_projectfiles\baseportraitproject\proj.win32\debug.win32\baseport.76a39bb2.tlog\cl.write.1.tlog
c:\users\matt\dropbox\uni\year2\tgp\paracat_projectfiles\baseportraitproject\proj.win32\debug.win32\baseport.76a39bb2.tlog\link.command.1.tlog
c:\users\matt\dropbox\uni\year2\tgp\paracat_projectfiles\baseportraitproject\proj.win32\debug.win32\baseport.76a39bb2.tlog\link.read.1.tlog
c:\users\matt\dropbox\uni\year2\tgp\paracat_projectfiles\baseportraitproject\proj.win32\debug.win32\baseport.76a39bb2.tlog\link.write.1.tlog
c:\users\matt\dropbox\uni\year2\tgp\paracat_projectfiles\baseportraitproject\proj.win32\debug.win32\baseport.76a39bb2.tlog\rc.command.1.tlog
c:\users\matt\dropbox\uni\year2\tgp\paracat_projectfiles\baseportraitproject\proj.win32\debug.win32\baseport.76a39bb2.tlog\rc.read.1.tlog
c:\users\matt\dropbox\uni\year2\tgp\paracat_projectfiles\baseportraitproject\proj.win32\debug.win32\baseport.76a39bb2.tlog\rc.write.1.tlog
